<?xml version="1.0" encoding="UTF-8"?>
<testsuite name="com.example.project.StringProblemsTest" tests="23" skipped="0" failures="0" errors="0" timestamp="2024-10-10T13:08:58" hostname="codespaces-e36900" time="0.331">
  <properties/>
  <testcase name="testEndsly1()" classname="com.example.project.StringProblemsTest" time="0.056"/>
  <testcase name="testEndsly2()" classname="com.example.project.StringProblemsTest" time="0.003"/>
  <testcase name="testEndsly3()" classname="com.example.project.StringProblemsTest" time="0.002"/>
  <testcase name="testfizzString2A()" classname="com.example.project.StringProblemsTest" time="0.004"/>
  <testcase name="testfizzString2B()" classname="com.example.project.StringProblemsTest" time="0.003"/>
  <testcase name="testfizzString2C()" classname="com.example.project.StringProblemsTest" time="0.002"/>
  <testcase name="testfizzString2D()" classname="com.example.project.StringProblemsTest" time="0.007"/>
  <testcase name="testfizzString2E()" classname="com.example.project.StringProblemsTest" time="0.001"/>
  <testcase name="testfizzString1()" classname="com.example.project.StringProblemsTest" time="0.014"/>
  <testcase name="testfizzString2()" classname="com.example.project.StringProblemsTest" time="0.001"/>
  <testcase name="testfizzString3()" classname="com.example.project.StringProblemsTest" time="0.0"/>
  <testcase name="testConcat1()" classname="com.example.project.StringProblemsTest" time="0.048"/>
  <testcase name="testConcat2()" classname="com.example.project.StringProblemsTest" time="0.009"/>
  <testcase name="testConcat3()" classname="com.example.project.StringProblemsTest" time="0.001"/>
  <testcase name="testDefont1()" classname="com.example.project.StringProblemsTest" time="0.009"/>
  <testcase name="testDefont2()" classname="com.example.project.StringProblemsTest" time="0.008"/>
  <testcase name="testDefont3()" classname="com.example.project.StringProblemsTest" time="0.001"/>
  <testcase name="testDefont4()" classname="com.example.project.StringProblemsTest" time="0.004"/>
  <testcase name="testDefont5()" classname="com.example.project.StringProblemsTest" time="0.011"/>
  <testcase name="testDefont6()" classname="com.example.project.StringProblemsTest" time="0.004"/>
  <testcase name="testWithoutX1()" classname="com.example.project.StringProblemsTest" time="0.004"/>
  <testcase name="testWithoutX2()" classname="com.example.project.StringProblemsTest" time="0.006"/>
  <testcase name="testWithoutX3()" classname="com.example.project.StringProblemsTest" time="0.017"/>
  <system-out><![CDATA[]]></system-out>
  <system-err><![CDATA[]]></system-err>
</testsuite>
